<?xml version="1.0" encoding="UTF-8"?><testsuite errors="0" failures="1" name="Register successfully" skipped="0" tests="1" time="66.62" timestamp="2022-10-06 12:47:47"><testcase name="Register"><failure message="&#10;Expected: an element that is visible&#10;     but: no matching element found by xpath: //a[@class='btn btn-filled btn-yellow btn-block btn-welcome']" type="java.lang.AssertionError">
Expected: an element that is visible
     but: no matching element found by xpath: //a[@class='btn btn-filled btn-yellow btn-block btn-welcome']</failure><system-err>
Expected: an element that is visible
     but: no matching element found by xpath: //a[@class='btn btn-filled btn-yellow btn-block btn-welcome']&#13;
com.utest.automation.tasks.Register.performAs(Register.java:26)&#13;
com.utest.automation.stepdefinitions.RegisterStepDefinitions.IGoToTheRegistrationModule(RegisterStepDefinitions.java:37)&#13;
cucumber.runner.Runner.runPickle(Runner.java:80)&#13;
worker.org.gradle.process.internal.worker.GradleWorkerMain.run(GradleWorkerMain.java:69)&#13;
worker.org.gradle.process.internal.worker.GradleWorkerMain.main(GradleWorkerMain.java:74)&#13;
</system-err></testcase></testsuite>